<?xml version="1.0" encoding="UTF-8"?>
<coverage generated="1719574389978" clover="3.2.0">
  <project timestamp="1719574389978" name="All files">
    <metrics statements="42" coveredstatements="35" conditionals="6" coveredconditionals="3" methods="8" coveredmethods="0" elements="56" coveredelements="38" complexity="0" loc="42" ncloc="42" packages="3" files="16" classes="16"/>
    <package name="components">
      <metrics statements="9" coveredstatements="9" conditionals="0" coveredconditionals="0" methods="0" coveredmethods="0"/>
      <file name="BrushIcon.vue" path="E:\Grade3\大三下\软件工程\大作业\海洋可视化系统\frontend\src\components\BrushIcon.vue">
        <metrics statements="1" coveredstatements="1" conditionals="0" coveredconditionals="0" methods="0" coveredmethods="0"/>
        <line num="4" count="2" type="stmt"/>
      </file>
      <file name="CameraIcon.vue" path="E:\Grade3\大三下\软件工程\大作业\海洋可视化系统\frontend\src\components\CameraIcon.vue">
        <metrics statements="1" coveredstatements="1" conditionals="0" coveredconditionals="0" methods="0" coveredmethods="0"/>
        <line num="4" count="2" type="stmt"/>
      </file>
      <file name="CloudFileIcon.vue" path="E:\Grade3\大三下\软件工程\大作业\海洋可视化系统\frontend\src\components\CloudFileIcon.vue">
        <metrics statements="1" coveredstatements="1" conditionals="0" coveredconditionals="0" methods="0" coveredmethods="0"/>
        <line num="4" count="2" type="stmt"/>
      </file>
      <file name="LeftTop.vue" path="E:\Grade3\大三下\软件工程\大作业\海洋可视化系统\frontend\src\components\LeftTop.vue">
        <metrics statements="1" coveredstatements="1" conditionals="0" coveredconditionals="0" methods="0" coveredmethods="0"/>
        <line num="4" count="5" type="stmt"/>
      </file>
      <file name="LightIcon.vue" path="E:\Grade3\大三下\软件工程\大作业\海洋可视化系统\frontend\src\components\LightIcon.vue">
        <metrics statements="1" coveredstatements="1" conditionals="0" coveredconditionals="0" methods="0" coveredmethods="0"/>
        <line num="4" count="2" type="stmt"/>
      </file>
      <file name="LoopIcon.vue" path="E:\Grade3\大三下\软件工程\大作业\海洋可视化系统\frontend\src\components\LoopIcon.vue">
        <metrics statements="1" coveredstatements="1" conditionals="0" coveredconditionals="0" methods="0" coveredmethods="0"/>
        <line num="4" count="2" type="stmt"/>
      </file>
      <file name="SlideVerification.vue" path="E:\Grade3\大三下\软件工程\大作业\海洋可视化系统\frontend\src\components\SlideVerification.vue">
        <metrics statements="1" coveredstatements="1" conditionals="0" coveredconditionals="0" methods="0" coveredmethods="0"/>
        <line num="9" count="2" type="stmt"/>
      </file>
      <file name="SplitScreenIcon.vue" path="E:\Grade3\大三下\软件工程\大作业\海洋可视化系统\frontend\src\components\SplitScreenIcon.vue">
        <metrics statements="1" coveredstatements="1" conditionals="0" coveredconditionals="0" methods="0" coveredmethods="0"/>
        <line num="4" count="2" type="stmt"/>
      </file>
      <file name="StarryBackground.vue" path="E:\Grade3\大三下\软件工程\大作业\海洋可视化系统\frontend\src\components\StarryBackground.vue">
        <metrics statements="1" coveredstatements="1" conditionals="0" coveredconditionals="0" methods="0" coveredmethods="0"/>
        <line num="25" count="1" type="stmt"/>
      </file>
    </package>
    <package name="store">
      <metrics statements="8" coveredstatements="1" conditionals="6" coveredconditionals="3" methods="4" coveredmethods="0"/>
      <file name="index.js" path="E:\Grade3\大三下\软件工程\大作业\海洋可视化系统\frontend\src\store\index.js">
        <metrics statements="8" coveredstatements="1" conditionals="6" coveredconditionals="3" methods="4" coveredmethods="0"/>
        <line num="4" count="1" type="stmt"/>
        <line num="15" count="0" type="stmt"/>
        <line num="16" count="0" type="stmt"/>
        <line num="19" count="0" type="stmt"/>
        <line num="20" count="0" type="stmt"/>
        <line num="23" count="0" type="stmt"/>
        <line num="24" count="0" type="stmt"/>
        <line num="27" count="0" type="stmt"/>
      </file>
    </package>
    <package name="views">
      <metrics statements="25" coveredstatements="25" conditionals="0" coveredconditionals="0" methods="4" coveredmethods="0"/>
      <file name="AI.vue" path="E:\Grade3\大三下\软件工程\大作业\海洋可视化系统\frontend\src\views\AI.vue">
        <metrics statements="4" coveredstatements="4" conditionals="0" coveredconditionals="0" methods="1" coveredmethods="0"/>
        <line num="411" count="1" type="stmt"/>
        <line num="412" count="1" type="stmt"/>
        <line num="413" count="1" type="stmt"/>
        <line num="421" count="1" type="stmt"/>
      </file>
      <file name="DataCenter.vue" path="E:\Grade3\大三下\软件工程\大作业\海洋可视化系统\frontend\src\views\DataCenter.vue">
        <metrics statements="3" coveredstatements="3" conditionals="0" coveredconditionals="0" methods="1" coveredmethods="0"/>
        <line num="146" count="1" type="stmt"/>
        <line num="147" count="1" type="stmt"/>
        <line num="155" count="1" type="stmt"/>
      </file>
      <file name="Index.vue" path="E:\Grade3\大三下\软件工程\大作业\海洋可视化系统\frontend\src\views\Index.vue">
        <metrics statements="10" coveredstatements="10" conditionals="0" coveredconditionals="0" methods="1" coveredmethods="0"/>
        <line num="185" count="1" type="stmt"/>
        <line num="186" count="1" type="stmt"/>
        <line num="187" count="1" type="stmt"/>
        <line num="188" count="1" type="stmt"/>
        <line num="189" count="1" type="stmt"/>
        <line num="190" count="1" type="stmt"/>
        <line num="191" count="1" type="stmt"/>
        <line num="192" count="1" type="stmt"/>
        <line num="193" count="1" type="stmt"/>
        <line num="201" count="1" type="stmt"/>
      </file>
      <file name="Login.vue" path="E:\Grade3\大三下\软件工程\大作业\海洋可视化系统\frontend\src\views\Login.vue">
        <metrics statements="2" coveredstatements="2" conditionals="0" coveredconditionals="0" methods="0" coveredmethods="0"/>
        <line num="231" count="1" type="stmt"/>
        <line num="233" count="1" type="stmt"/>
      </file>
      <file name="Register.vue" path="E:\Grade3\大三下\软件工程\大作业\海洋可视化系统\frontend\src\views\Register.vue">
        <metrics statements="2" coveredstatements="2" conditionals="0" coveredconditionals="0" methods="0" coveredmethods="0"/>
        <line num="258" count="1" type="stmt"/>
        <line num="260" count="1" type="stmt"/>
      </file>
      <file name="UnderWaterSystem.vue" path="E:\Grade3\大三下\软件工程\大作业\海洋可视化系统\frontend\src\views\UnderWaterSystem.vue">
        <metrics statements="4" coveredstatements="4" conditionals="0" coveredconditionals="0" methods="1" coveredmethods="0"/>
        <line num="193" count="1" type="stmt"/>
        <line num="194" count="1" type="stmt"/>
        <line num="195" count="1" type="stmt"/>
        <line num="203" count="1" type="stmt"/>
      </file>
    </package>
  </project>
</coverage>
