{"E:\\Grade3\\大三下\\软件工程\\大作业\\海洋可视化系统\\frontend\\src\\components\\BrushIcon.vue": {"path":"E:\\Grade3\\大三下\\软件工程\\大作业\\海洋可视化系统\\frontend\\src\\components\\BrushIcon.vue","statementMap":{"0":{"start":{"line":4,"column":0},"end":{"line":8,"column":null}}},"fnMap":{},"branchMap":{},"s":{"0":2},"f":{},"b":{}}
,"E:\\Grade3\\大三下\\软件工程\\大作业\\海洋可视化系统\\frontend\\src\\components\\CameraIcon.vue": {"path":"E:\\Grade3\\大三下\\软件工程\\大作业\\海洋可视化系统\\frontend\\src\\components\\CameraIcon.vue","statementMap":{"0":{"start":{"line":4,"column":0},"end":{"line":8,"column":null}}},"fnMap":{},"branchMap":{},"s":{"0":2},"f":{},"b":{}}
,"E:\\Grade3\\大三下\\软件工程\\大作业\\海洋可视化系统\\frontend\\src\\components\\CloudFileIcon.vue": {"path":"E:\\Grade3\\大三下\\软件工程\\大作业\\海洋可视化系统\\frontend\\src\\components\\CloudFileIcon.vue","statementMap":{"0":{"start":{"line":4,"column":0},"end":{"line":8,"column":null}}},"fnMap":{},"branchMap":{},"s":{"0":2},"f":{},"b":{}}
,"E:\\Grade3\\大三下\\软件工程\\大作业\\海洋可视化系统\\frontend\\src\\components\\LeftTop.vue": {"path":"E:\\Grade3\\大三下\\软件工程\\大作业\\海洋可视化系统\\frontend\\src\\components\\LeftTop.vue","statementMap":{"0":{"start":{"line":4,"column":0},"end":{"line":14,"column":null}}},"fnMap":{},"branchMap":{},"s":{"0":5},"f":{},"b":{}}
,"E:\\Grade3\\大三下\\软件工程\\大作业\\海洋可视化系统\\frontend\\src\\components\\LightIcon.vue": {"path":"E:\\Grade3\\大三下\\软件工程\\大作业\\海洋可视化系统\\frontend\\src\\components\\LightIcon.vue","statementMap":{"0":{"start":{"line":4,"column":0},"end":{"line":8,"column":null}}},"fnMap":{},"branchMap":{},"s":{"0":2},"f":{},"b":{}}
,"E:\\Grade3\\大三下\\软件工程\\大作业\\海洋可视化系统\\frontend\\src\\components\\LoopIcon.vue": {"path":"E:\\Grade3\\大三下\\软件工程\\大作业\\海洋可视化系统\\frontend\\src\\components\\LoopIcon.vue","statementMap":{"0":{"start":{"line":4,"column":0},"end":{"line":8,"column":null}}},"fnMap":{},"branchMap":{},"s":{"0":2},"f":{},"b":{}}
,"E:\\Grade3\\大三下\\软件工程\\大作业\\海洋可视化系统\\frontend\\src\\components\\SlideVerification.vue": {"path":"E:\\Grade3\\大三下\\软件工程\\大作业\\海洋可视化系统\\frontend\\src\\components\\SlideVerification.vue","statementMap":{"0":{"start":{"line":9,"column":0},"end":{"line":73,"column":null}}},"fnMap":{},"branchMap":{},"s":{"0":2},"f":{},"b":{}}
,"E:\\Grade3\\大三下\\软件工程\\大作业\\海洋可视化系统\\frontend\\src\\components\\SplitScreenIcon.vue": {"path":"E:\\Grade3\\大三下\\软件工程\\大作业\\海洋可视化系统\\frontend\\src\\components\\SplitScreenIcon.vue","statementMap":{"0":{"start":{"line":4,"column":0},"end":{"line":8,"column":null}}},"fnMap":{},"branchMap":{},"s":{"0":2},"f":{},"b":{}}
,"E:\\Grade3\\大三下\\软件工程\\大作业\\海洋可视化系统\\frontend\\src\\components\\StarryBackground.vue": {"path":"E:\\Grade3\\大三下\\软件工程\\大作业\\海洋可视化系统\\frontend\\src\\components\\StarryBackground.vue","statementMap":{"0":{"start":{"line":25,"column":0},"end":{"line":35,"column":null}}},"fnMap":{},"branchMap":{},"s":{"0":1},"f":{},"b":{}}
,"E:\\Grade3\\大三下\\软件工程\\大作业\\海洋可视化系统\\frontend\\src\\store\\index.js": {"path":"E:\\Grade3\\大三下\\软件工程\\大作业\\海洋可视化系统\\frontend\\src\\store\\index.js","statementMap":{"0":{"start":{"line":4,"column":0},"end":{"line":4,"column":13}},"1":{"start":{"line":15,"column":6},"end":{"line":15,"column":25}},"2":{"start":{"line":16,"column":6},"end":{"line":16,"column":60}},"3":{"start":{"line":19,"column":6},"end":{"line":19,"column":30}},"4":{"start":{"line":20,"column":6},"end":{"line":20,"column":65}},"5":{"start":{"line":23,"column":6},"end":{"line":23,"column":34}},"6":{"start":{"line":24,"column":6},"end":{"line":24,"column":53}},"7":{"start":{"line":27,"column":6},"end":{"line":27,"column":28}}},"fnMap":{"0":{"name":"(anonymous_0)","decl":{"start":{"line":14,"column":4},"end":{"line":14,"column":5}},"loc":{"start":{"line":14,"column":26},"end":{"line":17,"column":5}},"line":14},"1":{"name":"(anonymous_1)","decl":{"start":{"line":18,"column":4},"end":{"line":18,"column":5}},"loc":{"start":{"line":18,"column":31},"end":{"line":21,"column":5}},"line":18},"2":{"name":"(anonymous_2)","decl":{"start":{"line":22,"column":4},"end":{"line":22,"column":5}},"loc":{"start":{"line":22,"column":35},"end":{"line":25,"column":5}},"line":22},"3":{"name":"(anonymous_3)","decl":{"start":{"line":26,"column":4},"end":{"line":26,"column":5}},"loc":{"start":{"line":26,"column":27},"end":{"line":28,"column":5}},"line":26}},"branchMap":{"0":{"loc":{"start":{"line":8,"column":10},"end":{"line":8,"column":90}},"type":"cond-expr","locations":[{"start":{"line":8,"column":43},"end":{"line":8,"column":85}},{"start":{"line":8,"column":88},"end":{"line":8,"column":90}}],"line":8},"1":{"loc":{"start":{"line":9,"column":15},"end":{"line":9,"column":105}},"type":"cond-expr","locations":[{"start":{"line":9,"column":53},"end":{"line":9,"column":100}},{"start":{"line":9,"column":103},"end":{"line":9,"column":105}}],"line":9},"2":{"loc":{"start":{"line":10,"column":19},"end":{"line":10,"column":105}},"type":"cond-expr","locations":[{"start":{"line":10,"column":61},"end":{"line":10,"column":100}},{"start":{"line":10,"column":103},"end":{"line":10,"column":105}}],"line":10}},"s":{"0":1,"1":0,"2":0,"3":0,"4":0,"5":0,"6":0,"7":0},"f":{"0":0,"1":0,"2":0,"3":0},"b":{"0":[0,1],"1":[0,1],"2":[0,1]},"_coverageSchema":"1a1c01bbd47fc00a2c39e90264f33305004495a9","hash":"724bb2a65fc69d515ada1cf59ada719398e32861"}
,"E:\\Grade3\\大三下\\软件工程\\大作业\\海洋可视化系统\\frontend\\src\\views\\AI.vue": {"path":"E:\\Grade3\\大三下\\软件工程\\大作业\\海洋可视化系统\\frontend\\src\\views\\AI.vue","statementMap":{"0":{"start":{"line":411,"column":0},"end":{"line":411,"column":null}},"1":{"start":{"line":412,"column":0},"end":{"line":412,"column":null}},"2":{"start":{"line":413,"column":0},"end":{"line":413,"column":null}},"3":{"start":{"line":421,"column":0},"end":{"line":884,"column":null}}},"fnMap":{"0":{"name":"formatter","decl":{"start":{"line":414,"column":0},"end":{"line":414,"column":null}},"loc":{"start":{"line":414,"column":0},"end":{"line":421,"column":null}}}},"branchMap":{},"s":{"0":1,"1":1,"2":1,"3":1},"f":{"0":0},"b":{}}
,"E:\\Grade3\\大三下\\软件工程\\大作业\\海洋可视化系统\\frontend\\src\\views\\DataCenter.vue": {"path":"E:\\Grade3\\大三下\\软件工程\\大作业\\海洋可视化系统\\frontend\\src\\views\\DataCenter.vue","statementMap":{"0":{"start":{"line":146,"column":0},"end":{"line":146,"column":null}},"1":{"start":{"line":147,"column":0},"end":{"line":147,"column":null}},"2":{"start":{"line":155,"column":0},"end":{"line":333,"column":null}}},"fnMap":{"0":{"name":"formatter","decl":{"start":{"line":148,"column":0},"end":{"line":148,"column":null}},"loc":{"start":{"line":148,"column":0},"end":{"line":155,"column":null}}}},"branchMap":{},"s":{"0":1,"1":1,"2":1},"f":{"0":0},"b":{}}
,"E:\\Grade3\\大三下\\软件工程\\大作业\\海洋可视化系统\\frontend\\src\\views\\Index.vue": {"path":"E:\\Grade3\\大三下\\软件工程\\大作业\\海洋可视化系统\\frontend\\src\\views\\Index.vue","statementMap":{"0":{"start":{"line":185,"column":0},"end":{"line":185,"column":null}},"1":{"start":{"line":186,"column":0},"end":{"line":186,"column":null}},"2":{"start":{"line":187,"column":0},"end":{"line":187,"column":null}},"3":{"start":{"line":188,"column":0},"end":{"line":188,"column":null}},"4":{"start":{"line":189,"column":0},"end":{"line":189,"column":null}},"5":{"start":{"line":190,"column":0},"end":{"line":190,"column":null}},"6":{"start":{"line":191,"column":0},"end":{"line":191,"column":null}},"7":{"start":{"line":192,"column":0},"end":{"line":192,"column":null}},"8":{"start":{"line":193,"column":0},"end":{"line":193,"column":null}},"9":{"start":{"line":201,"column":0},"end":{"line":563,"column":null}}},"fnMap":{"0":{"name":"formatter","decl":{"start":{"line":194,"column":0},"end":{"line":194,"column":null}},"loc":{"start":{"line":194,"column":0},"end":{"line":201,"column":null}}}},"branchMap":{},"s":{"0":1,"1":1,"2":1,"3":1,"4":1,"5":1,"6":1,"7":1,"8":1,"9":1},"f":{"0":0},"b":{}}
,"E:\\Grade3\\大三下\\软件工程\\大作业\\海洋可视化系统\\frontend\\src\\views\\Login.vue": {"path":"E:\\Grade3\\大三下\\软件工程\\大作业\\海洋可视化系统\\frontend\\src\\views\\Login.vue","statementMap":{"0":{"start":{"line":233,"column":0},"end":{"line":233,"column":null}},"1":{"start":{"line":231,"column":0},"end":{"line":332,"column":null}}},"fnMap":{},"branchMap":{},"s":{"0":1,"1":1},"f":{},"b":{}}
,"E:\\Grade3\\大三下\\软件工程\\大作业\\海洋可视化系统\\frontend\\src\\views\\Register.vue": {"path":"E:\\Grade3\\大三下\\软件工程\\大作业\\海洋可视化系统\\frontend\\src\\views\\Register.vue","statementMap":{"0":{"start":{"line":260,"column":0},"end":{"line":260,"column":null}},"1":{"start":{"line":258,"column":0},"end":{"line":433,"column":null}}},"fnMap":{},"branchMap":{},"s":{"0":1,"1":1},"f":{},"b":{}}
,"E:\\Grade3\\大三下\\软件工程\\大作业\\海洋可视化系统\\frontend\\src\\views\\UnderWaterSystem.vue": {"path":"E:\\Grade3\\大三下\\软件工程\\大作业\\海洋可视化系统\\frontend\\src\\views\\UnderWaterSystem.vue","statementMap":{"0":{"start":{"line":193,"column":0},"end":{"line":193,"column":null}},"1":{"start":{"line":194,"column":0},"end":{"line":194,"column":null}},"2":{"start":{"line":195,"column":0},"end":{"line":195,"column":null}},"3":{"start":{"line":203,"column":0},"end":{"line":587,"column":null}}},"fnMap":{"0":{"name":"formatter","decl":{"start":{"line":196,"column":0},"end":{"line":196,"column":null}},"loc":{"start":{"line":196,"column":0},"end":{"line":203,"column":null}}}},"branchMap":{},"s":{"0":1,"1":1,"2":1,"3":1},"f":{"0":0},"b":{}}
}
