TN:
SF:src\components\BrushIcon.vue
FNF:0
FNH:0
DA:4,2
LF:1
LH:1
BRF:0
BRH:0
end_of_record
TN:
SF:src\components\CameraIcon.vue
FNF:0
FNH:0
DA:4,2
LF:1
LH:1
BRF:0
BRH:0
end_of_record
TN:
SF:src\components\CloudFileIcon.vue
FNF:0
FNH:0
DA:4,2
LF:1
LH:1
BRF:0
BRH:0
end_of_record
TN:
SF:src\components\LeftTop.vue
FNF:0
FNH:0
DA:4,5
LF:1
LH:1
BRF:0
BRH:0
end_of_record
TN:
SF:src\components\LightIcon.vue
FNF:0
FNH:0
DA:4,2
LF:1
LH:1
BRF:0
BRH:0
end_of_record
TN:
SF:src\components\LoopIcon.vue
FNF:0
FNH:0
DA:4,2
LF:1
LH:1
BRF:0
BRH:0
end_of_record
TN:
SF:src\components\SlideVerification.vue
FNF:0
FNH:0
DA:9,2
LF:1
LH:1
BRF:0
BRH:0
end_of_record
TN:
SF:src\components\SplitScreenIcon.vue
FNF:0
FNH:0
DA:4,2
LF:1
LH:1
BRF:0
BRH:0
end_of_record
TN:
SF:src\components\StarryBackground.vue
FNF:0
FNH:0
DA:25,1
LF:1
LH:1
BRF:0
BRH:0
end_of_record
TN:
SF:src\store\index.js
FN:14,(anonymous_0)
FN:18,(anonymous_1)
FN:22,(anonymous_2)
FN:26,(anonymous_3)
FNF:4
FNH:0
FNDA:0,(anonymous_0)
FNDA:0,(anonymous_1)
FNDA:0,(anonymous_2)
FNDA:0,(anonymous_3)
DA:4,1
DA:15,0
DA:16,0
DA:19,0
DA:20,0
DA:23,0
DA:24,0
DA:27,0
LF:8
LH:1
BRDA:8,0,0,0
BRDA:8,0,1,1
BRDA:9,1,0,0
BRDA:9,1,1,1
BRDA:10,2,0,0
BRDA:10,2,1,1
BRF:6
BRH:3
end_of_record
TN:
SF:src\views\AI.vue
FN:414,formatter
FNF:1
FNH:0
FNDA:0,formatter
DA:411,1
DA:412,1
DA:413,1
DA:421,1
LF:4
LH:4
BRF:0
BRH:0
end_of_record
TN:
SF:src\views\DataCenter.vue
FN:148,formatter
FNF:1
FNH:0
FNDA:0,formatter
DA:146,1
DA:147,1
DA:155,1
LF:3
LH:3
BRF:0
BRH:0
end_of_record
TN:
SF:src\views\Index.vue
FN:194,formatter
FNF:1
FNH:0
FNDA:0,formatter
DA:185,1
DA:186,1
DA:187,1
DA:188,1
DA:189,1
DA:190,1
DA:191,1
DA:192,1
DA:193,1
DA:201,1
LF:10
LH:10
BRF:0
BRH:0
end_of_record
TN:
SF:src\views\Login.vue
FNF:0
FNH:0
DA:231,1
DA:233,1
LF:2
LH:2
BRF:0
BRH:0
end_of_record
TN:
SF:src\views\Register.vue
FNF:0
FNH:0
DA:258,1
DA:260,1
LF:2
LH:2
BRF:0
BRH:0
end_of_record
TN:
SF:src\views\UnderWaterSystem.vue
FN:196,formatter
FNF:1
FNH:0
FNDA:0,formatter
DA:193,1
DA:194,1
DA:195,1
DA:203,1
LF:4
LH:4
BRF:0
BRH:0
end_of_record
